wrote sum.yaml
wrote sum.yaml
INFO:overview_stats.write:wrote sum.yaml
[2016-08-10 07:53:19,151]:INFO:overview_stats.write:wrote sum.yaml
2016-08-10 08:06:34,939//INFO//overview_stats.write//wrote sum.yaml
2016-08-10 08:06:59,759//INFO//overview_stats.write//wrote sum.yaml
2016-08-12 08:29:59,238//INFO//overview_stats.write//wrote sum.yaml
2016-08-21 14:58:38,040//INFO//overview_stats.write//wrote y.yaml
2016-08-21 14:59:47,559//INFO//overview_stats.write//wrote y.yaml
2016-08-21 15:00:44,671//INFO//overview_stats.write//wrote y.yaml
2016-08-21 15:02:02,279//INFO//overview_stats.write//wrote y12.yaml
2016-08-21 15:02:16,820//INFO//overview_stats.write//wrote y12.yaml
2016-08-21 15:02:31,948//INFO//overview_stats.write//wrote y12.yaml
2016-08-21 16:27:17,547//INFO//overview_stats.write//wrote y12.yaml
2016-08-21 16:27:18,117//INFO//overview_stats.write//wrote y12.yaml
2016-08-21 16:28:03,028//INFO//overview_stats.write//wrote y12.yaml
2016-08-21 16:28:03,598//INFO//overview_stats.write//wrote y12.yaml
2016-08-21 16:28:22,366//INFO//overview_stats.write//wrote y12.yaml
2016-08-21 16:28:22,976//INFO//overview_stats.write//wrote y12.yaml
2016-08-21 16:28:42,375//INFO//overview_stats.write//wrote y12.yaml
2016-08-21 16:28:42,932//INFO//overview_stats.write//wrote y12.yaml
2020-04-17 16:07:16,112//INFO//overview_stats.write//wrote PosixPath('data/sum.yaml')
2020-04-19 08:24:48,478//INFO//overview_stats.write//wrote PosixPath('data/y12.yaml')
2020-04-19 08:25:12,913//INFO//overview_stats.write//wrote PosixPath('data/y12.yaml')
2020-04-19 08:25:31,841//INFO//overview_stats.write//wrote PosixPath('data/y12.yaml')
2020-04-19 08:25:37,350//INFO//overview_stats.write//wrote PosixPath('data/y12.yaml')
2020-04-19 08:27:24,002//INFO//overview_stats.write//wrote PosixPath('data/y12.yaml')
2020-04-19 08:27:29,006//INFO//overview_stats.write//wrote PosixPath('data/y12.yaml')
2020-04-19 08:27:42,518//INFO//overview_stats.write//wrote PosixPath('data/y12.yaml')
2020-04-19 08:28:37,570//INFO//overview_stats.write//wrote PosixPath('data/y12.yaml')
2020-04-19 08:29:09,652//INFO//overview_stats.write//wrote PosixPath('data/y12.yaml')
2020-04-19 08:29:52,026//INFO//overview_stats.write//wrote PosixPath('data/y12.yaml')
2020-04-19 08:31:26,708//INFO//overview_stats.write//wrote PosixPath('data/y12.yaml')
2020-04-19 08:33:56,328//INFO//overview_stats.write//wrote PosixPath('data/y12.yaml')
2020-04-22 19:51:50,936//INFO//overview_stats.write//wrote PosixPath('data/y12.yaml')
2020-04-23 16:28:29,587//INFO//overview_stats.write//wrote PosixPath('data/y12.yaml')
2020-04-23 16:31:30,385//INFO//overview_stats.write//wrote PosixPath('data/y12.yaml')
2020-04-23 21:31:16,383//INFO//overview_stats.write//wrote PosixPath('data/y12.yaml')
2020-04-25 08:13:04,370//INFO//overview_stats.write//wrote PosixPath('data/y12.yaml')
2020-04-25 08:32:19,400//INFO//overview_stats.write//wrote PosixPath('data/y12.yaml')
2020-04-25 09:17:20,471//INFO//overview_stats.write//wrote PosixPath('data/y12.yaml')
2020-04-25 14:33:34,731//INFO//overview_stats.write//wrote PosixPath('data/y13.yaml')
2020-04-25 14:50:22,044//INFO//overview_stats.write//wrote PosixPath('data/y13.yaml')
2020-04-25 16:25:40,128//INFO//overview_stats.write//wrote PosixPath('data/y13.yaml')
2020-04-25 19:11:28,733//INFO//overview_stats.write//wrote PosixPath('data/y13.yaml')
2020-04-25 19:21:54,403//INFO//overview_stats.write//wrote PosixPath('data/y13.yaml')
2020-04-25 19:22:47,400//INFO//overview_stats.write//wrote PosixPath('data/y13.yaml')
2020-04-25 20:23:14,060//INFO//overview_stats.write//wrote PosixPath('data/y13.yaml')
2020-04-25 20:27:39,264//INFO//overview_stats.write//wrote PosixPath('data/y13.yaml')
2020-04-25 20:29:14,618//INFO//overview_stats.write//wrote PosixPath('data/y13.yaml')
2020-04-25 21:16:46,806//INFO//overview_stats.write//wrote PosixPath('data/y13.yaml')
2020-04-25 21:35:11,207//INFO//overview_stats.write//wrote PosixPath('data/y13.yaml')
2020-04-25 21:36:46,917//INFO//overview_stats.write//wrote PosixPath('data/y13.yaml')
2020-04-26 07:06:31,608//INFO//overview_stats.write//wrote PosixPath('data/y13.yaml')
2020-04-26 07:10:34,644//INFO//overview_stats.write//wrote PosixPath('data/y13.yaml')
2020-04-26 08:13:27,109//INFO//overview_stats.write//wrote PosixPath('data/y13.yaml')
2020-04-26 08:16:00,924//INFO//overview_stats.write//wrote PosixPath('data/y13.yaml')
2020-04-26 08:21:44,176//INFO//overview_stats.write//wrote PosixPath('data/y13.yaml')
